<?xml version="1.0" encoding="UTF-8"?>
<!-- Generated by org.testng.reporters.JUnitReportReporter -->
<testsuite hostname="Brijesh" failures="0" tests="6" name="test.AccountsTest" time="43.396" errors="0" timestamp="2023-07-12T13:09:23 EDT" skipped="0">
  <testcase classname="test.AccountsTest" name="verifycreateAccount" time="11.802"/>
  <system-out/>
  <testcase classname="test.AccountsTest" name="verifydeleteAccount" time="7.619"/>
  <system-out/>
  <testcase classname="test.AccountsTest" name="verifyHelpTextforAccountList" time="6.215"/>
  <system-out/>
  <testcase classname="test.AccountsTest" name="verifyHelpTextforAccountManageGroups" time="6.142"/>
  <system-out/>
  <testcase classname="test.AccountsTest" name="verifyHelpTextforAccountTemplates" time="5.717"/>
  <system-out/>
  <testcase classname="test.AccountsTest" name="verifyHelpTextforAccountLockouts" time="5.901"/>
  <system-out/>
</testsuite> <!-- test.AccountsTest -->
