<?xml version="1.0" encoding="UTF-8"?>
<!-- Generated by org.testng.reporters.JUnitReportReporter -->
<testsuite hostname="Brijesh" failures="0" tests="6" name="test.AccountsTest" time="46.696" errors="0" timestamp="2023-07-12T13:28:45 EDT" skipped="0">
  <testcase classname="test.AccountsTest" name="verifycreateAccount" time="9.183"/>
  <system-out/>
  <testcase classname="test.AccountsTest" name="verifydeleteAccount" time="8.567"/>
  <system-out/>
  <testcase classname="test.AccountsTest" name="verifyHelpTextforAccountList" time="8.107"/>
  <system-out/>
  <testcase classname="test.AccountsTest" name="verifyHelpTextforAccountManageGroups" time="6.983"/>
  <system-out/>
  <testcase classname="test.AccountsTest" name="verifyHelpTextforAccountTemplates" time="6.892"/>
  <system-out/>
  <testcase classname="test.AccountsTest" name="verifyHelpTextforAccountLockouts" time="6.964"/>
  <system-out/>
</testsuite> <!-- test.AccountsTest -->
